info it worked if it ends with ok
verbose cli [ 'node', '/usr/bin/npm', 'install' ]
info using npm@1.1.16
info using node@v0.6.15
verbose /usr/bin/node node symlink
verbose config file /home/greg/.npmrc
verbose config file /usr/etc/npmrc
verbose config file /usr/lib/nodejs/npm/npmrc
verbose caching /home/greg/work/Horse-Datastore/package.json
verbose loadDefaults Horse-Datastore@0.0.1
verbose readDependencies: using package.json deps
verbose where, deps [ '/home/greg/work/Horse-Datastore',
verbose where, deps   [ 'mocha',
verbose where, deps     'chai',
verbose where, deps     'coffee-script',
verbose where, deps     'express',
verbose where, deps     'redis2json',
verbose where, deps     'nohm',
verbose where, deps     'redback',
verbose where, deps     'database-cleaner',
verbose where, deps     'zombie',
verbose where, deps     'underscore',
verbose where, deps     'redis',
verbose where, deps     'hiredis',
verbose where, deps     'connect-redis',
verbose where, deps     'requirejs',
verbose where, deps     'freebase',
verbose where, deps     'require-cs' ] ]
verbose from cache /home/greg/work/Horse-Datastore/package.json
info preinstall Horse-Datastore@0.0.1
verbose caching /home/greg/work/Horse-Datastore/node_modules/zombie/package.json
verbose caching /home/greg/work/Horse-Datastore/node_modules/connect-redis/package.json
verbose caching /home/greg/work/Horse-Datastore/node_modules/coffee-script/package.json
verbose caching /home/greg/work/Horse-Datastore/node_modules/freebase/package.json
verbose caching /home/greg/work/Horse-Datastore/node_modules/mocha/package.json
verbose caching /home/greg/work/Horse-Datastore/node_modules/redis2json/package.json
verbose caching /home/greg/work/Horse-Datastore/node_modules/jugglingdb/package.json
verbose caching /home/greg/work/Horse-Datastore/node_modules/express/package.json
verbose caching /home/greg/work/Horse-Datastore/node_modules/redis/package.json
verbose caching /home/greg/work/Horse-Datastore/node_modules/redback/package.json
verbose caching /home/greg/work/Horse-Datastore/node_modules/database-cleaner/package.json
verbose caching /home/greg/work/Horse-Datastore/node_modules/chai/package.json
verbose caching /home/greg/work/Horse-Datastore/node_modules/nohm/package.json
verbose caching /home/greg/work/Horse-Datastore/node_modules/requirejs/package.json
verbose caching /home/greg/work/Horse-Datastore/node_modules/underscore/package.json
verbose has wscript [ undefined,
verbose has wscript   { file: '/home/greg/work/Horse-Datastore/node_modules/hiredis/package.json',
verbose has wscript     gypfile: false,
verbose has wscript     contributors: false,
verbose has wscript     serverjs: false,
verbose has wscript     wscript: true } ]
verbose caching /home/greg/work/Horse-Datastore/node_modules/hiredis/package.json
verbose caching /home/greg/work/Horse-Datastore/node_modules/npm/package.json
verbose from cache /home/greg/work/Horse-Datastore/package.json
verbose readDependencies: using package.json deps
verbose from cache /home/greg/work/Horse-Datastore/node_modules/zombie/package.json
verbose from cache /home/greg/work/Horse-Datastore/node_modules/connect-redis/package.json
verbose from cache /home/greg/work/Horse-Datastore/node_modules/coffee-script/package.json
verbose from cache /home/greg/work/Horse-Datastore/node_modules/freebase/package.json
verbose from cache /home/greg/work/Horse-Datastore/node_modules/hiredis/package.json
verbose from cache /home/greg/work/Horse-Datastore/node_modules/mocha/package.json
verbose from cache /home/greg/work/Horse-Datastore/node_modules/redis2json/package.json
verbose from cache /home/greg/work/Horse-Datastore/node_modules/jugglingdb/package.json
verbose from cache /home/greg/work/Horse-Datastore/node_modules/express/package.json
verbose from cache /home/greg/work/Horse-Datastore/node_modules/npm/package.json
verbose from cache /home/greg/work/Horse-Datastore/node_modules/redis/package.json
verbose from cache /home/greg/work/Horse-Datastore/node_modules/redback/package.json
verbose from cache /home/greg/work/Horse-Datastore/node_modules/database-cleaner/package.json
verbose from cache /home/greg/work/Horse-Datastore/node_modules/chai/package.json
verbose from cache /home/greg/work/Horse-Datastore/node_modules/nohm/package.json
verbose from cache /home/greg/work/Horse-Datastore/node_modules/requirejs/package.json
verbose from cache /home/greg/work/Horse-Datastore/node_modules/underscore/package.json
verbose already installed in /home/greg/work/Horse-Datastore skipping redis2json@0.0.5
verbose already installed in /home/greg/work/Horse-Datastore skipping nohm@~0.9.0-pre3fixed
verbose already installed in /home/greg/work/Horse-Datastore skipping redback@~0.2.8
verbose already installed in /home/greg/work/Horse-Datastore skipping database-cleaner@~0.7.0
verbose already installed in /home/greg/work/Horse-Datastore skipping zombie@~0.13.4
verbose already installed in /home/greg/work/Horse-Datastore skipping underscore@~1.3.3
verbose already installed in /home/greg/work/Horse-Datastore skipping redis@~0.7.2
verbose already installed in /home/greg/work/Horse-Datastore skipping hiredis@~0.1.14
verbose already installed in /home/greg/work/Horse-Datastore skipping connect-redis@~1.3.0
verbose already installed in /home/greg/work/Horse-Datastore skipping requirejs@~1.0.8
verbose already installed in /home/greg/work/Horse-Datastore skipping freebase@~1.0.1
verbose cache add [ 'require-cs@git://github.com/jrburke/require-cs.git', null ]
silly cache add: name, spec, args [ undefined,
silly cache add: name, spec, args   'require-cs@git://github.com/jrburke/require-cs.git',
silly cache add: name, spec, args   [ 'require-cs@git://github.com/jrburke/require-cs.git', null ] ]
verbose parsed url { pathname: 'require-cs@git://github.com/jrburke/require-cs.git',
verbose parsed url   path: 'require-cs@git://github.com/jrburke/require-cs.git',
verbose parsed url   href: 'require-cs@git://github.com/jrburke/require-cs.git' }
silly cache add: name, spec, args [ 'require-cs',
silly cache add: name, spec, args   'git://github.com/jrburke/require-cs.git',
silly cache add: name, spec, args   [ 'require-cs', 'git://github.com/jrburke/require-cs.git' ] ]
verbose parsed url { protocol: 'git:',
verbose parsed url   slashes: true,
verbose parsed url   host: 'github.com',
verbose parsed url   hostname: 'github.com',
verbose parsed url   href: 'git://github.com/jrburke/require-cs.git',
verbose parsed url   pathname: '/jrburke/require-cs.git',
verbose parsed url   path: '/jrburke/require-cs.git' }
verbose addRemoteGit [ 'git://github.com/jrburke/require-cs.git', 'master' ]
silly exec git "clone" "git://github.com/jrburke/require-cs.git" "/tmp/npm-1336369606543/1336369606543-0.5654201323632151"
silly spawning [ 'git',
silly spawning   [ 'clone',
silly spawning     'git://github.com/jrburke/require-cs.git',
silly spawning     '/tmp/npm-1336369606543/1336369606543-0.5654201323632151' ],
silly spawning   null ]
verbose already installed in /home/greg/work/Horse-Datastore skipping mocha@~1.0.2
verbose already installed in /home/greg/work/Horse-Datastore skipping chai@~0.5.3
verbose already installed in /home/greg/work/Horse-Datastore skipping coffee-script@~1.3.1
verbose already installed in /home/greg/work/Horse-Datastore skipping express@~2.5.9
verbose git clone git://github.com/jrburke/require-cs.git Cloning into /tmp/npm-1336369606543/1336369606543-0.5654201323632151...
silly exec git "checkout" "master"
silly spawning [ 'git',
silly spawning   [ 'checkout', 'master' ],
silly spawning   '/tmp/npm-1336369606543/1336369606543-0.5654201323632151' ]
verbose git checkout master Already on 'master'
ERR! Error: ENOENT, open '/tmp/npm-1336369606543/1336369606543-0.5654201323632151/package.json'
ERR! You may report this log at:
ERR!     <http://github.com/isaacs/npm/issues>
ERR! or email it to:
ERR!     <npm-@googlegroups.com>
ERR! 
ERR! System Linux 3.0.0-17-generic
ERR! command "node" "/usr/bin/npm" "install"
ERR! cwd /home/greg/work/Horse-Datastore
ERR! node -v v0.6.15
ERR! npm -v 1.1.16
ERR! path /tmp/npm-1336369606543/1336369606543-0.5654201323632151/package.json
ERR! code ENOENT
ERR! message ENOENT, open '/tmp/npm-1336369606543/1336369606543-0.5654201323632151/package.json'
ERR! errno {}
verbose exit [ 1, true ]
